	###################################################
	#                                                 #
	#    ALGONQUIN         @@@@@@@         COLLEGE    #
	#                  @@-----------@@                #
	#               @@@@|  M O L D  |@@@@             #
	#            @@@@@@@@-----------@@@@@@@@          #
	#         @@@@@@@@@@@@@  @@@@@@@   @@@@@@@        #
	#       @@@@@@@@@@@@@      @@@       @@@@@@       #
	#     @@@@@@@    @@@@@    @@@@       @@@@@@@@     #
	#    @@@@@@@       @@@@@ @@@@@@@    @@@@@@@@@@    #
	#   @@@@@@@        @@@@@ @@@@@ @@@@@@    @@@@@@   #
	#  @@@@@@@@@@    @@             @@@@      @@@@@@  #
	#  @@@@@@@@@@@@@@@  @@@@@  @@@@  @@@@   @@    @@  #
	# @@@@@@@@@@@@@@@   @@@@@ @@@@@   @@@@@@@@@    @@ #
	# @@@@@      @@@@   @@@ @@@ @@@   @@@@    @@@@@@@ #
	# @@@@        @@@@  @@@ @@@ @@@   @@@      @@@@@@ #
	#  @@@@     @@@@@@@              @@@@@    @@@@@@  #
	#  @@@@@@@@@@@     @@@  @@@   @@@    @@@@@@@@@@   #
	#   @@@@@@@@@@@   @@@ @@@@@@ @@@@@    @@@@@@@@@   #
	#    @@@@@@@@@@@@@@@ @@@@@@    @@@@@@@@@@@@@@@    #
	#     @@@@@@@@@       @@@        @@@@@@@@@@@      #
	#       @@@@@@         @@         @@@@@@@@@       #
	#         @@@@@       @@@@@     @@@@@@@@@         #
	#            @@@@@@@@@@@@@@@@@@@@@@@@@            #
	#               @@@@@@@@@@@@@@@@@@@               #
	#  COMPILERS        @@@@@@@@@@@        2023 - S   #
	#                                                 #
	###################################################

[Option 'P': Starting PARSER .....]

Reading file INPUT0_Empty.bs ....Please wait

Parsing the source file...

Bust: Source file parsed

Number of Parser errors: 0
Statistics:
----------------------------------
----------------------------------

Collecting garbage...
